         w __deregister_frame_info
         w __register_frame_info
         w userAppExit
         w userAppInit
00000000 00000802 B __ctru_dev_utf16_buf
00000000 A __sync_synchronize
00000000 b _TLS_MODULE_BASE_
00000000 a shift
00000000 a shift
00000804 00000401 B __ctru_dev_path_buf
00100000 A __start__
00100000 T _start
00100008 T __service_ptr
0010000c T __apt_appid
00100010 T __heap_size
00100014 T __linear_heap_size
00100018 T __system_arglist
0010001c T __system_runflags
00100020 t startup
00100058 t ClearMem
0010006c t ClrLoop
00100094 T _init
001000ac t .udivsi3_skip_div0_test
001000ac T __aeabi_uidiv
001000ac 000001ec T __udivsi3
00100298 00000020 T __aeabi_uidivmod
001002b8 T __aeabi_idiv
001002b8 00000220 T __divsi3
001002c0 t .divsi3_skip_div0_test
001004d8 00000020 T __aeabi_idivmod
001004f8 00000004 W __aeabi_idiv0
001004f8 00000004 W __aeabi_ldiv0
001004fc T __aeabi_drsub
00100504 000002b0 T __aeabi_dsub
00100504 000002b0 T __subdf3
00100508 000002ac T __adddf3
00100508 000002ac T __aeabi_dadd
001007b4 00000024 T __aeabi_ui2d
001007b4 00000024 T __floatunsidf
001007d8 00000028 T __aeabi_i2d
001007d8 00000028 T __floatsidf
00100800 00000048 T __aeabi_f2d
00100800 00000048 T __extendsfdf2
00100848 00000074 T __aeabi_ul2d
00100848 00000074 T __floatundidf
0010085c 00000060 T __aeabi_l2d
0010085c 00000060 T __floatdidf
001008bc T __aeabi_ldivmod
001009a8 00000390 T strcmp
00100d30 t __do_global_dtors_aux
00100d70 t frame_dummy
00100d9c 0000018c T main
00100f28 00000044 t C2Di_FrameEndHook
00100f70 0000036c T C2D_Init
001012dc 0000004c T C2D_Fini
00101328 000000b8 T C2D_Prepare
001013e0 00000048 T C2D_Flush
00101428 00000104 T C2D_SceneSize
0010152c 00000058 T C2D_CreateScreenTarget
00101584 00000064 T C2D_TargetClear
001015e8 0000013c T C2Di_CalcQuad
00101724 00000058 T C2Di_AppendQuad
0010177c 00000550 T C2Di_Update
00101ccc 000002b0 T C2D_DrawImage
00101f7c 0000006c T C2D_SpriteSheetLoadFromHandle
00101fe8 00000048 T C2D_SpriteSheetLoad
00102030 00000028 T C2D_SpriteSheetFree
00102058 0000002c T C2D_SpriteSheetGetImage
00102084 00000028 T AttrInfo_Init
001020ac 00000094 T AttrInfo_AddLoader
00102140 00000054 T C3D_SetAttrInfo
00102194 00000080 T C3Di_AttrInfoBind
00102214 00000004 W C3Di_LightEnvUpdate
00102218 00000004 W C3Di_LightEnvDirty
0010221c 000000b4 t C3Di_AptEventHook
001022d0 00000004 W C3Di_GasUpdate
001022d4 000001d0 T C3D_Init
001024a4 00000098 T C3D_SetViewport
0010253c 000004e8 T C3Di_UpdateContext
00102a24 000000e0 T C3Di_SplitFrame
00102b04 00000044 T C3D_Fini
00102b48 00000194 T C3D_BindProgram
00102cdc 00000024 T BufInfo_Init
00102d00 00000080 T BufInfo_Add
00102d80 0000003c T C3D_SetBufInfo
00102dbc 00000048 T C3Di_BufInfoBind
00102e04 0000021c T C3D_DrawElements
00103020 00000040 T C3D_DepthMap
00103060 0000001c T C3D_CullFace
0010307c 00000040 T C3D_StencilTest
001030bc 00000024 T C3D_StencilOp
001030e0 0000001c T C3D_BlendingColor
001030fc 00000024 T C3D_EarlyDepthTest
00103120 0000002c T C3D_DepthTest
0010314c 0000002c T C3D_AlphaTest
00103178 00000050 T C3D_AlphaBlend
001031c8 00000030 T C3D_FragOpMode
001031f8 00000044 T C3D_FragOpShadow
0010323c 000001ac T C3Di_EffectBind
001033e8 0000001c T C3D_CalcColorBufSize
00103404 0000001c T C3D_CalcDepthBufSize
00103420 00000044 T C3D_SetFrameBuf
00103464 0000016c T C3Di_FrameBufBind
001035d0 000000c8 T C3D_FrameBufClear
00103698 00000044 T C3D_FrameBufTransfer
001036dc 000000a8 T C3D_ImmSendAttrib
00103784 00000070 T C3D_ProcTexInit
001037f4 00000054 T C3D_ProcTexBind
00103848 0000005c T C3D_ProcTexLutBind
001038a4 000000a4 T ProcTexLut_FromArray
00103948 00000178 T C3Di_ProcTexUpdate
00103ac0 00000068 T C3Di_ProcTexDirty
00103b28 0000004c t onVBlank0
00103b74 0000004c t onVBlank1
00103bc0 00000080 t C3Di_RenderTargetDestroy
00103c40 000000f4 t onQueueFinish
00103d34 00000038 T C3Di_RenderQueueEnableVBlank
00103d6c 00000030 T C3Di_RenderQueueDisableVBlank
00103d9c 00000060 T C3Di_RenderQueueInit
00103dfc 000000b4 T C3Di_RenderQueueExit
00103eb0 00000034 T C3Di_RenderQueueWaitDone
00103ee4 000000e8 T C3D_FrameBegin
00103fcc 00000048 T C3D_FrameDrawOn
00104014 00000058 T C3D_FrameSplit
0010406c 000001d0 T C3D_FrameEnd
0010423c 0000001c T C3D_FrameEndHook
00104258 00000170 T C3D_RenderTargetCreate
001043c8 000000a8 T C3D_RenderTargetSetOutput
00104470 000000fc T C3D_SyncTextureCopy
0010456c 000003d8 t Tex3DSi_ImportCommon
00104944 00000038 T Tex3DS_TextureImportStdio
0010497c 0000001c T Tex3DS_GetSubTexture
00104998 00000004 T Tex3DS_TextureFree
0010499c 00000034 T C3D_GetTexEnv
001049d0 00000024 T C3Di_TexEnvBind
001049f4 00000290 T C3D_TexInitWithParams
00104c84 000000c8 T C3D_TexLoadImage
00104d4c 00000044 T C3D_TexBind
00104d90 00000074 T C3D_TexDelete
00104e04 0000014c T C3Di_SetTex
00104f50 00000290 T C3D_UpdateUniforms
001051e0 000000c0 T C3Di_DirtyUniforms
001052a0 000000d8 T C3Di_LoadShaderUniforms
00105378 00000028 T C3Di_ClearShaderUniforms
001053a0 000000cc T Mtx_Ortho
0010546c 000000cc T Mtx_OrthoTilt
00105538 00000024 t addrMapNodeComparator(rbtree_node const*, rbtree_node const*)
0010555c 00000004 t addrMapNodeDestructor(rbtree_node*)
00105560 00000120 T linearMemAlign
00105680 00000008 T linearAlloc
00105688 0000005c T linearFree
001056e4 00000080 T MemPool::CoalesceRight(MemBlock*)
00105764 0000016c T MemPool::Allocate(MemChunk&, unsigned long, int)
001058d0 000000fc T MemPool::Deallocate(MemChunk const&)
001059cc 00000030 T MemPool::GetFreeSpace()
001059fc 00000024 t addrMapNodeComparator(rbtree_node const*, rbtree_node const*)
00105a20 00000004 t addrMapNodeDestructor(rbtree_node*)
00105a24 0000024c T vramMemAlignAt
00105c70 0000000c T vramAlloc
00105c7c 0000000c T vramAllocAt
00105c88 00000090 T vramFree
00105d18 0000051c t consoleHandleColorEsc
00106234 000000b8 t consoleColorStateShift
001062ec 000001ac T consoleDrawChar
00106498 00000124 T consolePrintChar
001065bc 000006f4 T con_write
00106cb0 000000fc t newRow
00106dac 0000018c T consoleInit
00106f38 000000d0 t gfxPresentFramebuffer
00107008 0000001c T gfxIsWide
00107024 000000ec T gfxSetScreenFormat
00107110 00000010 T gfxSetDoubleBuffering
00107120 000000e0 T gfxInit
00107200 00000010 T gfxInitDefault
00107210 000000b4 T gfxExit
001072c4 000000a0 T gfxGetFramebuffer
00107364 00000104 T gfxFlushBuffers
00107468 00000030 T gfxScreenSwapBuffers
00107498 00000050 T gfxSwapBuffersGpu
001074e8 00000074 T osConvertVirtToPhys
0010755c 00000054 T osGetTimeRef
001075b0 000000ec T osGetTime
0010769c 00000034 T __ctru_speedup_config
001076d0 00000008 t romfs_close
001076d8 000000c4 t romfs_seek
0010779c 00000024 t romfs_dirreset
001077c0 000000c8 t fill_dir
00107888 000002a8 t romfs_dirnext
00107b30 00000084 t romfs_free
00107bb4 000000d4 t searchForFile.constprop.0
00107c88 000000d8 t searchForDir.constprop.0
00107d60 000001c0 t navigateToDir.constprop.0
00107f20 0000010c t romfs_open
0010802c 0000004c t romfs_chdir
00108078 00000070 t romfs_diropen
001080e8 00000174 t romfs_stat
0010825c 00000008 t romfs_dirclose
00108268 00000084 t romfs_fstat
001082ec 000000d0 t romfs_read
001083bc 0000028c T romfsMountFromFile
00108648 00000098 T romfsMountFromCurrentProcess
001086e0 00000260 T romfsMountSelf
00108940 000000a0 T romfsUnmount
001089e0 0000013c T GPUCMD_Add
00108b1c 000000b0 T GPUCMD_Split
00108bcc 00000034 T f32tof16
00108c00 00000034 T f32tof24
00108c34 00000038 T f32tof31
00108c6c 00000010 T GX_BindQueue
00108c7c 00000078 T GX_ProcessCommandList
00108cf4 00000074 T GX_MemoryFill
00108d68 00000070 T GX_DisplayTransfer
00108dd8 00000074 T GX_TextureCopy
00108e4c 00000068 t gxCmdQueueDoCommands.part.0
00108eb4 000000c8 T gxCmdQueueInterrupt
00108f7c 0000004c T gxCmdQueueClear
00108fc8 000000f8 T gxCmdQueueAdd
001090c0 00000080 T gxCmdQueueRun
00109140 00000060 T gxCmdQueueStop
001091a0 0000008c T gxCmdQueueWait
0010922c 000001d0 T shaderInstanceInit
001093fc 00000018 T shaderInstanceGetUniformLocation
00109414 0000001c T shaderProgramInit
00109430 00000064 T shaderProgramFree
00109494 00000080 T shaderProgramSetVsh
00109514 000008e0 T shaderProgramConfigure
00109df4 000001cc t DVLE_GenerateOutmap.part.0
00109fc0 000001b4 T DVLB_ParseFile
0010a174 00000038 T DVLB_Free
0010a1ac 00000074 T DVLE_GetUniformRegister
0010a220 000001ac t aptConvertScreenForCapture
0010a3cc 00000008 W aptDspSleep
0010a3d4 00000004 W aptDspWakeup
0010a3d8 00000004 W aptDspCancel
0010a3dc 00000158 T aptSendCommand
0010a538 00000044 t aptExitProcess
0010a57c 0000038c T aptExit
0010a908 000000e0 T aptHandleSleep
0010a9e8 00000030 T aptHook
0010aa18 00000030 T aptUnhook
0010aa48 00000084 T APT_SleepIfShellClosed
0010aacc 00000084 T aptSetSleepAllowed
0010ab50 00000084 T APT_UnlockTransition
0010abd8 000004a4 t aptEventHandler
0010b07c 000000b0 T APT_ReceiveParameter
0010b12c 000000ac t aptReceiveParameter.constprop.0
0010b1d8 000002ac t aptScreenTransfer
0010b484 00000320 t aptWaitForWakeUp.isra.0
0010b7a4 000000f8 T aptJumpToHomeMenu
0010b89c 00000048 T aptMainLoop
0010b8e4 0000022c T aptInit
0010bb10 0000007c T APT_CheckNew3DS
0010bb8c 000000cc T fsInit
0010bc58 0000003c T fsExit
0010bc94 00000060 T fsExemptFromSession
0010bcf4 00000050 T fsUnexemptFromSession
0010bd44 000000cc T FSUSER_OpenFile
0010be10 000000d4 T FSUSER_OpenFileDirectly
0010bee4 000000bc T FSUSER_DeleteFile
0010bfa0 000000f8 T FSUSER_RenameFile
0010c098 000000bc T FSUSER_DeleteDirectory
0010c154 000000d4 T FSUSER_CreateFile
0010c228 000000c4 T FSUSER_CreateDirectory
0010c2ec 000000f8 T FSUSER_RenameDirectory
0010c3e4 000000b4 T FSUSER_OpenDirectory
0010c498 00000094 T FSUSER_OpenArchive
0010c52c 0000008c T FSUSER_CloseArchive
0010c5b8 00000074 T FSUSER_GetSdmcArchiveResource
0010c62c 00000064 T FSUSER_IsSdmcWritable
0010c690 00000058 T FSFILE_Read
0010c6e8 00000060 T FSFILE_Write
0010c748 00000038 T FSFILE_GetSize
0010c780 00000028 T FSFILE_SetSize
0010c7a8 0000003c T FSFILE_Close
0010c7e4 00000024 T FSFILE_Flush
0010c808 00000050 T FSDIR_Read
0010c858 0000003c T FSDIR_Close
0010c894 00000c64 t gspHardwareInit
0010d4f8 00000248 T gspInit
0010d740 000000f0 T gspExit
0010d830 00000010 T gspHasGpuRight
0010d840 000000a0 T gspPresentBuffer
0010d8e0 00000030 T gspSetEventCallback
0010d910 00000044 T gspWaitForEvent
0010d954 0000004c T gspWaitForAnyEvent
0010d9a0 00000158 t gspEventThreadMain
0010daf8 00000130 T gspSubmitGxCommand
0010dc28 00000050 T GSPGPU_FlushDataCache
0010dc78 00000034 T GSPGPU_SetLcdForceBlack
0010dcac 00000068 T GSPGPU_AcquireRight
0010dd14 00000048 T GSPGPU_ReleaseRight
0010dd5c 0000007c T GSPGPU_ImportDisplayCaptureInfo
0010ddd8 0000002c T GSPGPU_SaveVramSysArea
0010de04 0000002c T GSPGPU_RestoreVramSysArea
0010de30 00000024 W hidShouldUseIrrst
0010de54 0000018c T hidInit
0010dfe0 000000e8 T hidExit
0010e0c8 000002a4 T hidScanInput
0010e36c 00000010 T hidKeysDown
0010e37c 00000160 T irrstInit
0010e4dc 000000cc T irrstExit
0010e5a8 000000b4 T irrstScanInput
0010e65c 00000024 T irrstKeysHeld
0010e680 00000074 T ptmSysmInit
0010e6f4 0000003c T ptmSysmExit
0010e730 00000034 T PTMSYSM_ConfigureNew3DSCPU
0010e764 000000c4 t buffer_read
0010e828 000000cc t iov_read
0010e8f4 00000148 t iov_memmove
0010ea3c 000001dc t decompress_rle
0010ec18 00000244 t decompress_lzss
0010ee5c 00000428 t decompress_lz11
0010f284 000002d4 t decompress_huff
0010f558 00000010 T decompressCallback_Stdio
0010f568 000000dc T decompressHeader
0010f644 00000240 T decompressV
0010f884 00000074 T rbtree_find
0010f8f8 00000010 T rbtree_init
0010f908 000001b0 t do_insert
0010fab8 00000008 T rbtree_insert
0010fac0 00000318 T rbtree_remove
0010fdd8 00000090 T rbtree_rotate
0010fe68 000000e8 T utf16_to_utf8
0010ff50 000000c0 T utf8_to_utf16
00110010 000001e0 W __system_allocateHeaps
001101f0 00000038 W __libctru_init
00110228 00000170 W __system_initArgv
00110398 00000030 T __syscall_getreent
001103c8 00000064 T __syscall_gettod_r
0011042c 00000004 T __syscall_lock_acquire
00110430 00000004 T __syscall_lock_release
00110434 00000004 T __syscall_lock_acquire_recursive
00110438 00000004 T __syscall_lock_release_recursive
0011043c 00000004 T __syscall_exit
00110440 00000050 T initThreadVars
00110490 00000080 T __system_initSyscalls
00110510 T svcControlMemory
00110530 T svcQueryMemory
00110560 T svcExitProcess
00110568 T svcCreateThread
00110588 T svcExitThread
00110590 T svcSleepThread
00110598 T svcReleaseMutex
001105a0 T svcCreateEvent
001105b4 T svcSignalEvent
001105bc T svcClearEvent
001105c4 T svcMapMemoryBlock
001105cc T svcUnmapMemoryBlock
001105d4 T svcCreateAddressArbiter
001105e8 T svcArbitrateAddressNoTimeout
001105f0 T svcCloseHandle
001105f8 T svcWaitSynchronization
00110600 T svcWaitSynchronizationN
00110628 T svcDuplicateHandle
0011063c T svcGetSystemTick
00110644 T svcConnectToPort
00110658 T svcSendSyncRequest
00110660 T svcGetResourceLimit
00110674 T svcGetResourceLimitLimitValues
0011067c T svcGetResourceLimitCurrentValues
00110684 T svcBreak
0011068c T __aeabi_read_tp
00110698 W initSystem
001106e8 W __ctru_exit
001106fc 00000084 W envGetHandle
00110780 00000050 W envDestroyHandles
001107d0 0000012c T srvInit
001108fc 00000058 T srvExit
00110954 00000060 T srvEnableNotification
001109b4 000000a0 T srvGetServiceHandleDirect
00110a54 00000038 T srvGetServiceHandle
00110a8c 00000034 T srvSubscribe
00110ac0 00000060 T srvReceiveNotification
00110b20 00000038 T srvPublishToSubscriber
00110b58 0000000c T __sync_init
00110b64 00000018 T __sync_fini
00110b7c 0000002c T syncArbitrateAddress
00110ba8 000000ac T LightLock_Lock
00110c54 00000040 T LightLock_Unlock
00110c94 00000030 T RecursiveLock_Lock
00110cc4 00000054 T RecursiveLock_Unlock
00110d18 00000040 T LightEvent_Init
00110d58 000000a4 T LightEvent_Clear
00110dfc 000000c8 T LightEvent_Signal
00110ec4 00000050 T LightEvent_TryWait
00110f14 000000a0 T LightEvent_Wait
00110fb4 000001d8 T threadCreate
0011118c 0000002c T threadFree
001111b8 00000024 T threadJoin
001111dc 00000030 T threadGetCurrent
0011120c 00000040 T threadExit
0011124c 00000020 t _thread_begin
0011126c 000000b4 t mappableFindAddressWithin
00111320 00000028 T mappableInit
00111348 00000080 T mappableAlloc
001113c8 00000004 T mappableFree
001113cc 0000000c T srvPmGetSessionHandle
001113d8 0000005c T rbtree_node_next
00111434 00000064 T decode_utf16
00111498 0000013c T decode_utf8
001115d4 00000054 T encode_utf16
00111628 000000e0 T encode_utf8
00111708 00000030 W __appExit
00111738 00000030 W __appInit
00111768 00000090 W __libctru_exit
001117f8 00000014 t archive_link
0011180c 00000014 t archive_dirreset
00111820 00000014 t archive_chmod
00111834 00000024 t error_cmp
00111858 00000050 t archive_translate_error
001118a8 000000c8 t archive_seek
00111970 0000007c t _archiveInit.part.0
001119ec 000000c4 t archiveFindDevice.part.0
00111ab0 00000280 t archive_utf16path
00111d30 0000009c t _archiveUnmountDeviceStruct.part.0
00111dcc 00000014 t archive_fchmod
00111de0 00000014 t archive_statvfs
00111df4 00000164 t _archiveMountDevice
00111f58 000000e8 t archive_diropen
00112040 000000a4 t archive_fstat
001120e4 0000006c t archive_fsync
00112150 0000006c t archive_close
001121bc 00000070 t archive_dirclose
0011222c 000000e8 t sdmc_statvfs
00112314 000000ec t archive_chdir
00112400 0000007c t archive_ftruncate
0011247c 000000ac t archive_read
00112528 000000a4 t archive_unlink
001125cc 000000bc t archive_rmdir
00112688 000000dc t archive_mkdir
00112764 00000194 t archive_stat
001128f8 00000160 t archive_dirnext
00112a58 00000124 t archive_write
00112b7c 0000020c t archive_open
00112d88 00000278 t archive_rename
00113000 0000019c T archiveMountSdmc
0011319c 00000054 T archiveUnmountAll
001131f0 0000025c T sinf
0011344c 00000024 t with_errnof
00113470 0000001c T __math_invalidf
00113490 0000021c T cosf
001136ac 00000120 T __udivmoddi4
001137cc 000000d8 T strncmp
001138a4 00000130 T strchr
001139d4 0000005c T strlen
00113a30 000000d4 T memcmp
00113b04 000001e4 t _strtoul_l.isra.0
00113ce8 00000034 T strtoul
00113d1c 000000e4 T strncat
00113e00 00000078 T bsearch
00113e78 00000344 T _fread_r
001141bc 00000038 T fread
001141f4 00000020 T calloc
00114214 00000038 t lflush
0011424c 0000019c T __srefill_r
001143e8 00000148 T _fclose_r
00114530 00000018 T fclose
00114548 000000c0 T _calloc_r
00114608 00000144 T __smakebuf_r
0011474c 0000008c T __swhatbuf_r
001147d8 00000020 T memalign
001147f8 0000001c t stdio_exit_handler
00114814 0000005c t cleanup_stdio
00114870 00000154 t global_stdio_init.part.0
001149c4 00000134 T __sfp
00114af8 0000005c T __sinit
00114b54 0000000c T __sfp_lock_acquire
00114b60 0000000c T __sfp_lock_release
00114b6c 000007e8 T _malloc_r
00115354 000000f8 T _malloc_trim_r
0011544c 00000300 T _free_r
0011574c 00000294 T setvbuf
001159e0 0000004c T strnlen
00115a2c 0000000c T __errno
00115a38 00000034 T malloc
00115a6c 00000018 T free
00115a84 00000130 T memcpy
00115bb4 00000134 T _fopen_r
00115ce8 00000020 T fopen
00115d08 0000004c T time
00115d54 000000e8 T memset
00115e3c 00000070 T _fwalk_sglue
00115eac 0000000c T __malloc_lock
00115eb8 0000000c T __malloc_unlock
00115ec4 00000004 W __call_exitprocs
00115ec8 00000030 T exit
00115ef8 0000001c T _fseek_r
00115f14 000000c4 T strncpy
00115fd8 000000b4 T __sflags
0011608c 00000084 T __libc_init_array
00116110 00000228 T __sflush_r
00116338 00000094 T _fflush_r
001163cc 00000150 T _memalign_r
0011651c 0000003c T __libc_fini_array
00116558 0000058c T _fseeko_r
00116ae4 00000044 T __sread
00116b28 00000068 T __swrite
00116b90 00000040 T __sseek
00116bd0 00000008 T __sclose
00116bd8 00000020 T _exit
00116bf8 0000013c T chdir
00116d34 000001cc T _concatenate_path
00116f00 00000088 T _fstat_r
00116f88 0000002c T __getreent
00116fb4 00000030 T _gettimeofday_r
00116fe4 0000008c T __release_handle
00117070 000000b0 T __alloc_handle
00117120 0000003c T __get_handle
0011715c 000000f4 T _close_r
00117250 00000008 t null_write
00117258 00000018 T setDefaultDevice
00117270 000000c8 T FindDevice
00117338 00000028 T RemoveDevice
00117360 00000098 T AddDevice
001173f8 00000020 T GetDeviceOpTab
00117418 00000008 T _isatty_r
00117420 0000008c T _lseek_r
001174ac 000000bc T _open_r
00117568 00000088 T _read_r
001175f0 00000078 W _sbrk_r
00117668 0000001c T __libc_lock_acquire
00117684 0000001c T __libc_lock_release
001176a0 0000001c T __libc_lock_acquire_recursive
001176bc 0000001c T __libc_lock_release_recursive
001176d8 00000088 T _write_r
00117760 00000048 T strrchr
001177a8 T _fini
00118108 00000008 r s_defaultTint.0
00118110 R render2d_shbin
0011829c R render2d_shbin_end
0011829c R render2d_shbin_size
001182a0 00000004 r depthFmtSizes
001182a4 00000005 r colorFmtSizes
001182ac 00000010 r CSWTCH.11
001182bc 00000038 r CSWTCH.19
001182f4 00000080 r dotab_stdout
00118374 00000018 r grayScale
0011838c 00000006 r colorCube
00118394 00000030 r colorTable
001183c4 00000080 r romFS_devoptab
00118444 00000008 r morton_y.2
0011844c 00000008 r morton_x.3
00118454 00000008 r s_sleepWakeEvents.4
0011845c R default_font_bin
00118c5c R default_font_bin_end
00118c5c 00000030 r error_table
00118c8c 00000080 r archive_devoptab
00118d0c 00000060 R __inv_pio4
00118d70 000000e0 R __sincosf_table
00118e50 00000101 R _ctype_
00118f54 00000080 R dotab_stdnull
00118fd4 R __tdata_align
00118fd8 r __EH_FRAME_BEGIN__
00118fd8 R __exidx_end
00118fd8 R __exidx_start
00119000 00000008 d framerateCounter
00119008 00000004 d framerate
0011900c 00000001 d firstConsoleInit.0
00119010 00000004 D currentConsole
00119014 00000048 D defaultConsole
0011905c 00000004 d queueLock
00119060 00000004 d aptChainloadDeliverArgSize
00119064 00000004 d kCount
00119068 00000004 d kInterval
0011906c 00000004 d kDelay
00119070 W __stacksize__
00119074 00000004 D _impure_ptr
00119078 00000120 D _impure_data
00119198 0000000c D __sglue
001191a4 00000004 D __malloc_sbrk_base
001191a8 00000004 D __malloc_trim_threshold
001191b0 00000408 D __malloc_av_
001195b8 00000400 d _current_working_directory
001199b8 00001000 d handles
0011a9b8 0000000c d __stderr_handle
0011a9c4 0000000c d __stdout_handle
0011a9d0 0000000c d __stdin_handle
0011a9dc 0000008c D devoptab_list
0011aa68 00000004 d defaultDevice
0011aa74 d _GLOBAL_OFFSET_TABLE_
0011aa80 d __frame_dummy_init_array_entry
0011aa80 D __init_array_start
0011aa80 B __preinit_array_end
0011aa80 B __preinit_array_start
0011aa80 D __tdata_lma
0011aa80 D __tdata_lma_end
0011aa84 d __do_global_dtors_aux_fini_array_entry
0011aa84 D __fini_array_start
0011aa84 D __init_array_end
0011aa88 D __bss_start__
0011aa88 D __fini_array_end
0011aa88 00000004 b spriteSheet
0011aa90 00000028 B spr
0011aab8 b completed.1
0011aabc b object.0
0011aad8 000005a8 B __C2Di_Context
0011b080 00000040 b s_projBot
0011b0c0 00000040 b s_projTop
0011b100 00000004 b uLoc_mdlvMtx
0011b104 00000004 b uLoc_projMtx
0011b108 0000000c b hookCookie
0011b118 000002d0 B __C3D_Context
0011b3e8 00000004 b frameEndCbData
0011b3ec 00000004 b frameEndCb
0011b3f0 00000008 b frameCounter
0011b3f8 00000001 b isTopStereo
0011b3f9 00000001 b needSwapBot
0011b3fa 00000001 b needSwapTop
0011b3fb 00000001 b measureGpuTime
0011b3fc 00000001 b inSafeTransfer
0011b3fd 00000001 b inFrame
0011b400 00000010 b cpuTime
0011b410 00000010 b gpuTime
0011b420 0000000c b linkedTarget
0011b42c 00000004 b lastTarget
0011b430 00000004 b firstTarget
0011b434 00000008 b C3Di_IVUnifEverDirty
0011b43c 000000c0 b C3Di_FVUnifEverDirty
0011b4fc 00000018 b C3Di_ShaderFVecData
0011b514 00000002 B C3D_BoolUnifsDirty
0011b518 00000008 B C3D_IVUnifDirty
0011b520 000000c0 B C3D_FVUnifDirty
0011b5e0 00000004 B C3D_BoolUnifs
0011b5e4 00000020 B C3D_IVUnif
0011b604 00000c00 B C3D_FVUnif
0011c208 00000008 b sLinearPool
0011c210 0000000c b sAddrMap
0011c220 00000008 b sVramPoolB
0011c228 00000008 b sVramPoolA
0011c230 0000000c b sAddrMap
0011c23c 0000001c b escapeSeq
0011c258 00000048 B currentCopy
0011c2a0 00000004 b screenAlloc
0011c2a4 00000004 b screenFree
0011c2a8 00000002 b gfxIsDoubleBuf
0011c2ac 00000002 b gfxCurBuf
0011c2ae 00000001 b gfxIsVram
0011c2af 00000001 b gfxTopMode
0011c2b0 00000002 b gfxFramebufferFormats
0011c2b4 00000004 b gfxBottomFramebufferMaxSize
0011c2b8 00000004 b gfxTopFramebufferMaxSize
0011c2c0 00000008 b gfxBottomFramebuffers
0011c2c8 00000008 b gfxTopFramebuffers
0011c2d0 00000001 V __ctru_speedup
0011c2d4 00000004 b romfs_mount_list
0011c2d8 00000004 V __romfs_path
0011c2dc 00000004 B gpuCmdBufOffset
0011c2e0 00000004 B gpuCmdBufSize
0011c2e4 00000004 B gpuCmdBuf
0011c2e8 00000004 b boundQueue
0011c2ec 00000001 b shouldStop
0011c2ed 00000001 b isRunning
0011c2ee 00000001 b isActive
0011c2f0 00000004 b curQueue
0011c2f4 00000001 b flagValue.0
0011c2f5 00000001 b flagInit.1
0011c2f8 00000004 b serviceName.6
0011c2fc 00000001 b aptChainloadFlags
0011c2fd 00000001 b aptChainloadMediatype
0011c300 00000020 b aptChainloadHmac
0011c320 00000300 b aptChainloadDeliverArg
0011c620 00000008 b aptChainloadTid
0011c628 00001000 b aptParameters
0011d628 00000004 b aptFlags
0011d62c 00000001 b aptHomeButtonState
0011d630 00000004 b aptMessageFuncData
0011d634 00000004 b aptMessageFunc
0011d638 0000000c b aptFirstHook
0011d644 00000001 b aptEventHandlerThreadQuit
0011d648 00000004 b aptEventHandlerThread
0011d64c 00000008 b aptSleepEvent
0011d654 00000008 b aptReceiveEvent
0011d65c 00000008 b aptEvents
0011d664 00000004 b aptLockHandle
0011d668 00000004 b aptRefCount
0011d670 00000080 b fsExemptArchives
0011d6f0 00000004 b fsuRefCount
0011d6f4 00000004 b fsuHandle
0011d6f8 00000007 b gspEventCbOneShot
0011d700 0000001c b gspEventCbData
0011d71c 0000001c b gspEventCb
0011d738 00000038 b gspEvents
0011d770 00000004 b gspLastEvent
0011d774 00000001 b gspRunEvents
0011d778 00000004 b gspEventThread
0011d77c 00000004 b gspEvent
0011d780 00000001 b gspGpuRight
0011d781 00000001 b gspThreadId
0011d784 00000004 b gspSharedMem
0011d788 00000004 b gspSharedMemHandle
0011d78c 00000004 b gspRefCount
0011d790 00000004 b gspGpuHandle
0011d794 00000001 b usingIrrst
0011d798 00000004 b hidRefCount
0011d79c 00000006 b gRate
0011d7a4 00000006 b aVec
0011d7ac 00000004 b cPos
0011d7b0 00000004 b tPos
0011d7b4 00000004 b kRepeat
0011d7b8 00000004 b kUp
0011d7bc 00000004 b kDown
0011d7c0 00000004 b kHeld
0011d7c4 00000004 b kOld
0011d7c8 00000004 B hidSharedMem
0011d7cc 00000014 B hidEvents
0011d7e0 00000004 B hidMemHandle
0011d7e4 00000004 B hidHandle
0011d7e8 00000004 b irrstRefCount
0011d7ec 00000004 b csPos
0011d7f0 00000004 b kHeld
0011d7f4 00000004 B irrstSharedMem
0011d7f8 00000004 B irrstEvent
0011d7fc 00000004 B irrstMemHandle
0011d800 00000004 B irrstHandle
0011d804 00000004 b ptmSysmRefCount
0011d808 00000004 b ptmSysmHandle
0011d80c 00000004 V __ctru_linear_heap_size
0011d810 00000004 V __ctru_heap_size
0011d814 00000004 B __ctru_linear_heap
0011d818 00000004 B __ctru_heap
0011d81c 00000004 B __system_retAddr
0011d820 00000004 B __system_argv
0011d824 00000004 B __system_argc
0011d828 b saved_stack
0011d830 00000004 B __3dslink_host
0011d834 00000004 b srvRefCount
0011d838 00000004 b srvHandle
0011d83c 00000004 b arbiter
0011d840 00000004 b currentAddr
0011d844 00000004 b maxAddr
0011d848 00000004 b minAddr
0011d84c 00000004 b srvPmHandle
0011d850 000005c0 b archive_devices
0011de10 00000004 b archive_device_cwd
0011de14 00000001 b archive_initialized
0011de18 0000000c b __sfp_recursive_mutex
0011de28 00000168 B __sf
0011df90 00000004 B __stdio_exit_handler
0011df94 00000028 B __malloc_current_mallinfo
0011dfbc 00000004 B __malloc_max_total_mem
0011dfc0 00000004 B __malloc_max_sbrked_mem
0011dfc4 00000004 B __malloc_top_pad
0011dfc8 0000000c b __malloc_recursive_mutex
0011dfd4 00000400 b temp_cwd
0011e3d4 00000004 b __hndl_lock
0011e3d8 00000004 B fake_heap_start
0011e3dc 00000004 B fake_heap_end
0011e3e0 00000004 b heap_start.0
0011e3e4 B __tls_start
0011efec B __bss_end__
0011efec A __end__
0011efec B __tls_end
